Started GET "/" for ::1 at 2026-05-21 12:44:23 +0700
  [1m[36mActiveRecord::SchemaMigration Load (0.3ms)[0m  [1m[34mSELECT "schema_migrations"."version" FROM "schema_migrations" ORDER BY "schema_migrations"."version" ASC /*application='NrlFe'*/[0m
Processing by PagesController#home as HTML
  Rendering layout layouts/application.html.erb
  Rendering pages/home.html.erb within layouts/application
  Rendered pages/home.html.erb within layouts/application (Duration: 4.4ms | GC: 0.0ms)
  Rendered layout layouts/application.html.erb (Duration: 5.0ms | GC: 0.0ms)
Completed 500 Internal Server Error in 179ms (ActiveRecord: 0.0ms (0 queries, 0 cached) | GC: 50.2ms)


  
ActionView::Template::Error (undefined method 'dig' for nil)
Caused by: NoMethodError (undefined method 'dig' for nil)

Information for: ActionView::Template::Error (undefined method 'dig' for nil):
    1: <% 
    2: # Set page title from API data
    3: profile = @portfolio.dig('data', 'profile') || {}
    4: experiences = @portfolio.dig('data', 'experiences') || []
    5: skills = @portfolio.dig('data', 'skills') || []
    6: tools = @portfolio.dig('data', 'tools') || []
    7: social_links = @portfolio.dig('data', 'social_links') || []
  
app/views/pages/home.html.erb:4

Information for cause: NoMethodError (undefined method 'dig' for nil):
  
app/views/pages/home.html.erb:4
Started GET "/" for ::1 at 2026-05-21 12:44:24 +0700
Processing by PagesController#home as HTML
  Rendering layout layouts/application.html.erb
  Rendering pages/home.html.erb within layouts/application
  Rendered pages/home.html.erb within layouts/application (Duration: 0.4ms | GC: 0.0ms)
  Rendered layout layouts/application.html.erb (Duration: 0.6ms | GC: 0.0ms)
Completed 500 Internal Server Error in 4ms (ActiveRecord: 0.0ms (0 queries, 0 cached) | GC: 0.0ms)


  
ActionView::Template::Error (undefined method 'dig' for nil)
Caused by: NoMethodError (undefined method 'dig' for nil)

Information for: ActionView::Template::Error (undefined method 'dig' for nil):
    1: <% 
    2: # Set page title from API data
    3: profile = @portfolio.dig('data', 'profile') || {}
    4: experiences = @portfolio.dig('data', 'experiences') || []
    5: skills = @portfolio.dig('data', 'skills') || []
    6: tools = @portfolio.dig('data', 'tools') || []
    7: social_links = @portfolio.dig('data', 'social_links') || []
  
app/views/pages/home.html.erb:4

Information for cause: NoMethodError (undefined method 'dig' for nil):
  
app/views/pages/home.html.erb:4
Started GET "/favicon.ico" for ::1 at 2026-05-21 12:44:24 +0700
  
ActionController::RoutingError (No route matches [GET] "/favicon.ico"):
  
Started GET "/" for ::1 at 2026-05-21 12:45:55 +0700
Processing by PagesController#home as HTML
  Rendering layout layouts/application.html.erb
  Rendering pages/home.html.erb within layouts/application
  Rendered pages/home.html.erb within layouts/application (Duration: 0.8ms | GC: 0.0ms)
  Rendered layout layouts/application.html.erb (Duration: 1.4ms | GC: 0.0ms)
Completed 500 Internal Server Error in 7ms (ActiveRecord: 0.0ms (0 queries, 0 cached) | GC: 0.0ms)


  
ActionView::Template::Error (undefined method 'dig' for nil)
Caused by: NoMethodError (undefined method 'dig' for nil)

Information for: ActionView::Template::Error (undefined method 'dig' for nil):
    1: <% 
    2: # Set page title from API data
    3: profile = @portfolio.dig('data', 'profile') || {}
    4: experiences = @portfolio.dig('data', 'experiences') || []
    5: skills = @portfolio.dig('data', 'skills') || []
    6: tools = @portfolio.dig('data', 'tools') || []
    7: social_links = @portfolio.dig('data', 'social_links') || []
  
app/views/pages/home.html.erb:4

Information for cause: NoMethodError (undefined method 'dig' for nil):
  
app/views/pages/home.html.erb:4
Started GET "/" for ::1 at 2026-05-21 12:51:46 +0700
Processing by PagesController#home as HTML
  Rendering layout layouts/application.html.erb
  Rendering pages/home.html.erb within layouts/application
  Rendered pages/home.html.erb within layouts/application (Duration: 1.0ms | GC: 0.0ms)
  Rendered layout layouts/application.html.erb (Duration: 1.2ms | GC: 0.0ms)
Completed 500 Internal Server Error in 11ms (ActiveRecord: 0.0ms (0 queries, 0 cached) | GC: 5.1ms)


  
ActionView::Template::Error (undefined method 'dig' for nil)
Caused by: NoMethodError (undefined method 'dig' for nil)

Information for: ActionView::Template::Error (undefined method 'dig' for nil):
    1: <% 
    2: # Set page title from API data
    3: profile = @portfolio.dig('data', 'profile') || {}
    4: experiences = @portfolio.dig('data', 'experiences') || []
    5: skills = @portfolio.dig('data', 'skills') || []
    6: tools = @portfolio.dig('data', 'tools') || []
    7: social_links = @portfolio.dig('data', 'social_links') || []
  
app/views/pages/home.html.erb:4

Information for cause: NoMethodError (undefined method 'dig' for nil):
  
app/views/pages/home.html.erb:4
Started GET "/" for 127.0.0.1 at 2026-05-24 09:39:35 +0700
  [1m[36mActiveRecord::SchemaMigration Load (0.4ms)[0m  [1m[34mSELECT "schema_migrations"."version" FROM "schema_migrations" ORDER BY "schema_migrations"."version" ASC /*application='NrlFe'*/[0m
Processing by PagesController#home as */*
  Rendering layout layouts/application.html.erb
  Rendering pages/home.html.erb within layouts/application
  Rendered pages/home.html.erb within layouts/application (Duration: 7.0ms | GC: 0.0ms)
  Rendered layout layouts/application.html.erb (Duration: 7.6ms | GC: 0.0ms)
Completed 500 Internal Server Error in 109ms (ActiveRecord: 0.0ms (0 queries, 0 cached) | GC: 0.0ms)


  
ActionView::Template::Error (undefined method 'dig' for nil)
Caused by: NoMethodError (undefined method 'dig' for nil)

Information for: ActionView::Template::Error (undefined method 'dig' for nil):
    1: <% 
    2: # Set page title from API data
    3: profile = @portfolio.dig('data', 'profile') || {}
    4: experiences = @portfolio.dig('data', 'experiences') || []
    5: skills = @portfolio.dig('data', 'skills') || []
    6: tools = @portfolio.dig('data', 'tools') || []
    7: social_links = @portfolio.dig('data', 'social_links') || []
  
app/views/pages/home.html.erb:4

Information for cause: NoMethodError (undefined method 'dig' for nil):
  
app/views/pages/home.html.erb:4
Started GET "/" for 127.0.0.1 at 2026-05-24 09:41:11 +0700
  [1m[36mActiveRecord::SchemaMigration Load (0.3ms)[0m  [1m[34mSELECT "schema_migrations"."version" FROM "schema_migrations" ORDER BY "schema_migrations"."version" ASC /*application='NrlFe'*/[0m
Processing by PagesController#home as */*
  Rendering layout layouts/application.html.erb
  Rendering pages/home.html.erb within layouts/application
  Rendered pages/home.html.erb within layouts/application (Duration: 4.2ms | GC: 0.0ms)
  Rendered layout layouts/application.html.erb (Duration: 81.6ms | GC: 48.5ms)
Completed 200 OK in 201ms (Views: 89.7ms | ActiveRecord: 0.0ms (0 queries, 0 cached) | GC: 48.5ms)


Started GET "/" for 127.0.0.1 at 2026-05-24 09:41:16 +0700
Processing by PagesController#home as */*
  Rendering layout layouts/application.html.erb
  Rendering pages/home.html.erb within layouts/application
  Rendered pages/home.html.erb within layouts/application (Duration: 2.2ms | GC: 0.0ms)
  Rendered layout layouts/application.html.erb (Duration: 4.1ms | GC: 0.0ms)
Completed 200 OK in 23ms (Views: 5.6ms | ActiveRecord: 0.0ms (0 queries, 0 cached) | GC: 1.7ms)


Started GET "/" for ::1 at 2026-05-24 09:58:17 +0700
Processing by PagesController#home as HTML
  Rendering layout layouts/application.html.erb
  Rendering pages/home.html.erb within layouts/application
  Rendered pages/home.html.erb within layouts/application (Duration: 2.6ms | GC: 0.0ms)
  Rendered layout layouts/application.html.erb (Duration: 9.6ms | GC: 0.0ms)
Completed 200 OK in 77ms (Views: 13.6ms | ActiveRecord: 0.0ms (0 queries, 0 cached) | GC: 0.0ms)


Started GET "/" for ::1 at 2026-05-24 09:58:22 +0700
Processing by PagesController#home as HTML
  Rendering layout layouts/application.html.erb
  Rendering pages/home.html.erb within layouts/application
  Rendered pages/home.html.erb within layouts/application (Duration: 0.3ms | GC: 0.0ms)
  Rendered layout layouts/application.html.erb (Duration: 137.1ms | GC: 6.2ms)
Completed 200 OK in 162ms (Views: 138.0ms | ActiveRecord: 0.0ms (0 queries, 0 cached) | GC: 6.2ms)


Started GET "/" for ::1 at 2026-05-24 09:58:54 +0700
Processing by PagesController#home as HTML
  Rendering layout layouts/application.html.erb
  Rendering pages/home.html.erb within layouts/application
  Rendered pages/home.html.erb within layouts/application (Duration: 3.0ms | GC: 0.0ms)
  Rendered layout layouts/application.html.erb (Duration: 13.5ms | GC: 0.0ms)
Completed 200 OK in 36ms (Views: 16.3ms | ActiveRecord: 0.0ms (0 queries, 0 cached) | GC: 0.0ms)


Started GET "/" for ::1 at 2026-05-24 09:59:01 +0700
Processing by PagesController#home as HTML
  Rendering layout layouts/application.html.erb
  Rendering pages/home.html.erb within layouts/application
  Rendered pages/home.html.erb within layouts/application (Duration: 0.9ms | GC: 0.0ms)
  Rendered layout layouts/application.html.erb (Duration: 4.2ms | GC: 0.0ms)
Completed 200 OK in 13ms (Views: 5.2ms | ActiveRecord: 0.0ms (0 queries, 0 cached) | GC: 0.0ms)


Started GET "/" for ::1 at 2026-05-24 09:59:37 +0700
Processing by PagesController#home as HTML
  Rendering layout layouts/application.html.erb
  Rendering pages/home.html.erb within layouts/application
  Rendered pages/home.html.erb within layouts/application (Duration: 0.6ms | GC: 0.0ms)
  Rendered layout layouts/application.html.erb (Duration: 5.4ms | GC: 0.0ms)
Completed 200 OK in 16ms (Views: 6.4ms | ActiveRecord: 0.0ms (0 queries, 0 cached) | GC: 0.0ms)


Started GET "/" for ::1 at 2026-05-24 09:59:39 +0700
Processing by PagesController#home as HTML
  Rendering layout layouts/application.html.erb
  Rendering pages/home.html.erb within layouts/application
  Rendered pages/home.html.erb within layouts/application (Duration: 0.6ms | GC: 0.0ms)
  Rendered layout layouts/application.html.erb (Duration: 5.2ms | GC: 0.0ms)
Completed 200 OK in 14ms (Views: 6.3ms | ActiveRecord: 0.0ms (0 queries, 0 cached) | GC: 0.0ms)


Started GET "/" for ::1 at 2026-05-24 09:59:41 +0700
Processing by PagesController#home as HTML
  Rendering layout layouts/application.html.erb
  Rendering pages/home.html.erb within layouts/application
  Rendered pages/home.html.erb within layouts/application (Duration: 0.5ms | GC: 0.0ms)
  Rendered layout layouts/application.html.erb (Duration: 3.1ms | GC: 0.0ms)
Completed 200 OK in 16ms (Views: 4.6ms | ActiveRecord: 0.0ms (0 queries, 0 cached) | GC: 0.0ms)


Started GET "/" for ::1 at 2026-05-24 09:59:42 +0700
Processing by PagesController#home as HTML
  Rendering layout layouts/application.html.erb
  Rendering pages/home.html.erb within layouts/application
  Rendered pages/home.html.erb within layouts/application (Duration: 1.0ms | GC: 0.0ms)
  Rendered layout layouts/application.html.erb (Duration: 9.4ms | GC: 0.0ms)
Completed 200 OK in 32ms (Views: 16.0ms | ActiveRecord: 0.0ms (0 queries, 0 cached) | GC: 0.0ms)


Started GET "/" for ::1 at 2026-05-24 09:59:44 +0700
Processing by PagesController#home as HTML
  Rendering layout layouts/application.html.erb
  Rendering pages/home.html.erb within layouts/application
  Rendered pages/home.html.erb within layouts/application (Duration: 1.0ms | GC: 0.0ms)
  Rendered layout layouts/application.html.erb (Duration: 4.4ms | GC: 0.0ms)
Completed 200 OK in 19ms (Views: 5.9ms | ActiveRecord: 0.0ms (0 queries, 0 cached) | GC: 0.0ms)


Started GET "/" for ::1 at 2026-05-24 09:59:46 +0700
Processing by PagesController#home as HTML
  Rendering layout layouts/application.html.erb
  Rendering pages/home.html.erb within layouts/application
  Rendered pages/home.html.erb within layouts/application (Duration: 1.0ms | GC: 0.0ms)
  Rendered layout layouts/application.html.erb (Duration: 6.5ms | GC: 0.0ms)
Completed 200 OK in 19ms (Views: 8.2ms | ActiveRecord: 0.0ms (0 queries, 0 cached) | GC: 0.0ms)


Started GET "/" for ::1 at 2026-05-24 10:00:21 +0700
Processing by PagesController#home as HTML
  Rendering layout layouts/application.html.erb
  Rendering pages/home.html.erb within layouts/application
  Rendered pages/home.html.erb within layouts/application (Duration: 0.5ms | GC: 0.0ms)
  Rendered layout layouts/application.html.erb (Duration: 2.5ms | GC: 0.0ms)
Completed 200 OK in 10ms (Views: 3.7ms | ActiveRecord: 0.0ms (0 queries, 0 cached) | GC: 0.0ms)


Started GET "/" for ::1 at 2026-05-24 10:00:25 +0700
Processing by PagesController#home as HTML
  Rendering layout layouts/application.html.erb
  Rendering pages/home.html.erb within layouts/application
  Rendered pages/home.html.erb within layouts/application (Duration: 0.9ms | GC: 0.0ms)
  Rendered layout layouts/application.html.erb (Duration: 4.1ms | GC: 0.0ms)
Completed 200 OK in 18ms (Views: 5.5ms | ActiveRecord: 0.0ms (0 queries, 0 cached) | GC: 0.0ms)


Started GET "/" for ::1 at 2026-05-24 10:00:25 +0700
Processing by PagesController#home as HTML
  Rendering layout layouts/application.html.erb
  Rendering pages/home.html.erb within layouts/application
  Rendered pages/home.html.erb within layouts/application (Duration: 0.5ms | GC: 0.0ms)
  Rendered layout layouts/application.html.erb (Duration: 2.6ms | GC: 0.0ms)
Completed 200 OK in 13ms (Views: 3.5ms | ActiveRecord: 0.0ms (0 queries, 0 cached) | GC: 0.0ms)


